<?xml version="1.0" encoding="UTF-8"?>
<!-- Generated by org.testng.reporters.JUnitReportReporter -->
<testsuite hostname="GorkyMugil-VAIO" name="com.qa.hubspot.tests.HomePageTest" tests="3" failures="0" timestamp="8 Jun 2020 10:23:46 GMT" time="2.844" errors="0">
  <testcase name="VerifyDashboardNameTest" time="1.045" classname="com.qa.hubspot.tests.HomePageTest"/>
  <testcase name="verifyHomePageHeaderTest" time="1.769" classname="com.qa.hubspot.tests.HomePageTest"/>
  <testcase name="verifyHomePageTitleTest" time="0.030" classname="com.qa.hubspot.tests.HomePageTest"/>
</testsuite> <!-- com.qa.hubspot.tests.HomePageTest -->
