<?xml version="1.0" encoding="UTF-8"?>
<!-- Generated by org.testng.reporters.JUnitReportReporter -->
<testsuite hostname="GorkyMugil-VAIO" name="com.qa.hubspot.tests.LoginPageTest" tests="3" failures="0" timestamp="8 Jun 2020 07:00:05 GMT" time="20.412" errors="0">
  <testcase name="verifySignUpLinkTest" time="0.599" classname="com.qa.hubspot.tests.LoginPageTest"/>
  <testcase name="verifyLoginPageTitle" time="11.662" classname="com.qa.hubspot.tests.LoginPageTest"/>
  <testcase name="LoginTest" time="8.151" classname="com.qa.hubspot.tests.LoginPageTest"/>
</testsuite> <!-- com.qa.hubspot.tests.LoginPageTest -->
