<?xml version="1.0" encoding="UTF-8"?>
<!-- Generated by org.testng.reporters.JUnitReportReporter -->
<testsuite skipped="4" hostname="GorkyMugil-VAIO" name="com.qa.hubspot.tests.LoginPageTest" tests="4" failures="0" timestamp="08 Jun 2020 07:21:58 GMT" time="0.000" errors="0">
  <testcase name="verifyLoginPageTitle" time="0.000" classname="com.qa.hubspot.tests.LoginPageTest">
    <skipped/>
  </testcase> <!-- verifyLoginPageTitle -->
  <testcase name="verifySignUpLinkTest" time="0.000" classname="com.qa.hubspot.tests.LoginPageTest">
    <skipped/>
  </testcase> <!-- verifySignUpLinkTest -->
  <testcase name="LoginTest" time="0.000" classname="com.qa.hubspot.tests.LoginPageTest">
    <skipped/>
  </testcase> <!-- LoginTest -->
  <testcase name="InvalidLoginTest" classname="com.qa.hubspot.tests.LoginPageTest">
    <skipped/>
  </testcase> <!-- InvalidLoginTest -->
</testsuite> <!-- com.qa.hubspot.tests.LoginPageTest -->
